{"/Users/ryanlynn/projects/shopping-list-node/server.js":{"path":"/Users/ryanlynn/projects/shopping-list-node/server.js","s":{"1":1,"2":1,"3":1,"4":1,"5":1,"6":1,"7":1,"8":4,"9":4,"10":4,"11":4,"12":1,"13":1,"14":1,"15":1,"16":3,"17":1,"18":1,"19":1,"20":1,"21":1,"22":1,"23":1,"24":4,"25":1,"26":1,"27":1,"28":1,"29":1,"30":1,"31":1,"32":1,"33":1,"34":1,"35":1,"36":1,"37":1,"38":0,"39":1,"40":1,"41":1,"42":1,"43":1,"44":1,"45":1,"46":0,"47":1,"48":1,"49":1,"50":1,"51":1,"52":1,"53":0,"54":1,"55":1,"56":1},"b":{"1":[1,2],"2":[1,3],"3":[0,1],"4":[1,0],"5":[1,0],"6":[1,1]},"f":{"1":1,"2":4,"3":1,"4":3,"5":1,"6":4,"7":1,"8":1,"9":1,"10":1},"fnMap":{"1":{"name":"(anonymous_1)","line":9,"loc":{"start":{"line":9,"column":14},"end":{"line":9,"column":25}}},"2":{"name":"(anonymous_2)","line":14,"loc":{"start":{"line":14,"column":24},"end":{"line":14,"column":39}}},"3":{"name":"(anonymous_3)","line":23,"loc":{"start":{"line":23,"column":27},"end":{"line":23,"column":40}}},"4":{"name":"(anonymous_4)","line":26,"loc":{"start":{"line":26,"column":23},"end":{"line":26,"column":41}}},"5":{"name":"(anonymous_5)","line":34,"loc":{"start":{"line":34,"column":24},"end":{"line":34,"column":43}}},"6":{"name":"(anonymous_6)","line":40,"loc":{"start":{"line":40,"column":23},"end":{"line":40,"column":41}}},"7":{"name":"(anonymous_7)","line":58,"loc":{"start":{"line":58,"column":18},"end":{"line":58,"column":37}}},"8":{"name":"(anonymous_8)","line":64,"loc":{"start":{"line":64,"column":31},"end":{"line":64,"column":50}}},"9":{"name":"(anonymous_9)","line":78,"loc":{"start":{"line":78,"column":30},"end":{"line":78,"column":49}}},"10":{"name":"(anonymous_10)","line":88,"loc":{"start":{"line":88,"column":39},"end":{"line":88,"column":58}}}},"statementMap":{"1":{"start":{"line":2,"column":0},"end":{"line":2,"column":33}},"2":{"start":{"line":5,"column":0},"end":{"line":5,"column":40}},"3":{"start":{"line":7,"column":0},"end":{"line":7,"column":35}},"4":{"start":{"line":9,"column":0},"end":{"line":12,"column":2}},"5":{"start":{"line":10,"column":4},"end":{"line":10,"column":20}},"6":{"start":{"line":11,"column":4},"end":{"line":11,"column":16}},"7":{"start":{"line":14,"column":0},"end":{"line":22,"column":2}},"8":{"start":{"line":15,"column":4},"end":{"line":18,"column":6}},"9":{"start":{"line":19,"column":4},"end":{"line":19,"column":26}},"10":{"start":{"line":20,"column":4},"end":{"line":20,"column":17}},"11":{"start":{"line":21,"column":4},"end":{"line":21,"column":16}},"12":{"start":{"line":23,"column":0},"end":{"line":33,"column":2}},"13":{"start":{"line":24,"column":4},"end":{"line":24,"column":25}},"14":{"start":{"line":25,"column":4},"end":{"line":25,"column":22}},"15":{"start":{"line":26,"column":4},"end":{"line":31,"column":7}},"16":{"start":{"line":27,"column":8},"end":{"line":30,"column":9}},"17":{"start":{"line":28,"column":12},"end":{"line":28,"column":41}},"18":{"start":{"line":29,"column":12},"end":{"line":29,"column":33}},"19":{"start":{"line":32,"column":4},"end":{"line":32,"column":25}},"20":{"start":{"line":34,"column":0},"end":{"line":46,"column":2}},"21":{"start":{"line":35,"column":4},"end":{"line":35,"column":25}},"22":{"start":{"line":36,"column":4},"end":{"line":39,"column":6}},"23":{"start":{"line":40,"column":4},"end":{"line":44,"column":7}},"24":{"start":{"line":41,"column":8},"end":{"line":43,"column":9}},"25":{"start":{"line":42,"column":12},"end":{"line":42,"column":41}},"26":{"start":{"line":45,"column":4},"end":{"line":45,"column":19}},"27":{"start":{"line":47,"column":0},"end":{"line":47,"column":28}},"28":{"start":{"line":49,"column":0},"end":{"line":49,"column":27}},"29":{"start":{"line":50,"column":0},"end":{"line":50,"column":24}},"30":{"start":{"line":51,"column":0},"end":{"line":51,"column":23}},"31":{"start":{"line":54,"column":0},"end":{"line":54,"column":20}},"32":{"start":{"line":55,"column":0},"end":{"line":55,"column":34}},"33":{"start":{"line":58,"column":0},"end":{"line":61,"column":3}},"34":{"start":{"line":59,"column":4},"end":{"line":59,"column":28}},"35":{"start":{"line":60,"column":4},"end":{"line":60,"column":32}},"36":{"start":{"line":64,"column":0},"end":{"line":76,"column":3}},"37":{"start":{"line":68,"column":4},"end":{"line":71,"column":5}},"38":{"start":{"line":70,"column":8},"end":{"line":70,"column":35}},"39":{"start":{"line":74,"column":4},"end":{"line":74,"column":42}},"40":{"start":{"line":75,"column":4},"end":{"line":75,"column":31}},"41":{"start":{"line":78,"column":0},"end":{"line":86,"column":3}},"42":{"start":{"line":79,"column":4},"end":{"line":79,"column":32}},"43":{"start":{"line":80,"column":4},"end":{"line":80,"column":41}},"44":{"start":{"line":81,"column":4},"end":{"line":85,"column":5}},"45":{"start":{"line":82,"column":8},"end":{"line":82,"column":42}},"46":{"start":{"line":84,"column":8},"end":{"line":84,"column":28}},"47":{"start":{"line":88,"column":0},"end":{"line":97,"column":3}},"48":{"start":{"line":89,"column":4},"end":{"line":89,"column":42}},"49":{"start":{"line":90,"column":4},"end":{"line":90,"column":29}},"50":{"start":{"line":91,"column":4},"end":{"line":91,"column":44}},"51":{"start":{"line":92,"column":4},"end":{"line":96,"column":5}},"52":{"start":{"line":93,"column":8},"end":{"line":93,"column":42}},"53":{"start":{"line":95,"column":8},"end":{"line":95,"column":28}},"54":{"start":{"line":100,"column":0},"end":{"line":100,"column":37}},"55":{"start":{"line":102,"column":0},"end":{"line":102,"column":18}},"56":{"start":{"line":103,"column":0},"end":{"line":103,"column":26}}},"branchMap":{"1":{"line":27,"type":"if","locations":[{"start":{"line":27,"column":8},"end":{"line":27,"column":8}},{"start":{"line":27,"column":8},"end":{"line":27,"column":8}}]},"2":{"line":41,"type":"if","locations":[{"start":{"line":41,"column":8},"end":{"line":41,"column":8}},{"start":{"line":41,"column":8},"end":{"line":41,"column":8}}]},"3":{"line":68,"type":"if","locations":[{"start":{"line":68,"column":4},"end":{"line":68,"column":4}},{"start":{"line":68,"column":4},"end":{"line":68,"column":4}}]},"4":{"line":81,"type":"if","locations":[{"start":{"line":81,"column":4},"end":{"line":81,"column":4}},{"start":{"line":81,"column":4},"end":{"line":81,"column":4}}]},"5":{"line":92,"type":"if","locations":[{"start":{"line":92,"column":4},"end":{"line":92,"column":4}},{"start":{"line":92,"column":4},"end":{"line":92,"column":4}}]},"6":{"line":100,"type":"binary-expr","locations":[{"start":{"line":100,"column":11},"end":{"line":100,"column":27}},{"start":{"line":100,"column":31},"end":{"line":100,"column":35}}]}}}}