TN:
SF:/Users/ryanlynn/projects/shopping-list-node/server.js
FN:9,(anonymous_1)
FN:14,(anonymous_2)
FN:23,(anonymous_3)
FN:26,(anonymous_4)
FN:34,(anonymous_5)
FN:40,(anonymous_6)
FN:58,(anonymous_7)
FN:64,(anonymous_8)
FN:78,(anonymous_9)
FN:88,(anonymous_10)
FNF:10
FNH:10
FNDA:1,(anonymous_1)
FNDA:4,(anonymous_2)
FNDA:1,(anonymous_3)
FNDA:3,(anonymous_4)
FNDA:1,(anonymous_5)
FNDA:4,(anonymous_6)
FNDA:1,(anonymous_7)
FNDA:1,(anonymous_8)
FNDA:1,(anonymous_9)
FNDA:1,(anonymous_10)
DA:2,1
DA:5,1
DA:7,1
DA:9,1
DA:10,1
DA:11,1
DA:14,1
DA:15,4
DA:19,4
DA:20,4
DA:21,4
DA:23,1
DA:24,1
DA:25,1
DA:26,1
DA:27,3
DA:28,1
DA:29,1
DA:32,1
DA:34,1
DA:35,1
DA:36,1
DA:40,1
DA:41,4
DA:42,1
DA:45,1
DA:47,1
DA:49,1
DA:50,1
DA:51,1
DA:54,1
DA:55,1
DA:58,1
DA:59,1
DA:60,1
DA:64,1
DA:68,1
DA:70,0
DA:74,1
DA:75,1
DA:78,1
DA:79,1
DA:80,1
DA:81,1
DA:82,1
DA:84,0
DA:88,1
DA:89,1
DA:90,1
DA:91,1
DA:92,1
DA:93,1
DA:95,0
DA:100,1
DA:102,1
DA:103,1
LF:56
LH:53
BRDA:27,1,0,1
BRDA:27,1,1,2
BRDA:41,2,0,1
BRDA:41,2,1,3
BRDA:68,3,0,0
BRDA:68,3,1,1
BRDA:81,4,0,1
BRDA:81,4,1,0
BRDA:92,5,0,1
BRDA:92,5,1,0
BRDA:100,6,0,1
BRDA:100,6,1,1
BRF:12
BRH:9
end_of_record
